
=== RUN: /opt/homebrew/anaconda3/bin/python /Users/sohinikar/FL/M.Tech_Dissertation/make_users.py --config /Users/sohinikar/FL/M.Tech_Dissertation/params.py (cwd=None) ===
Using config: /Users/sohinikar/FL/M.Tech_Dissertation/params.py
Label column: Class
Sampled CSV (exact 5888 removed): /Users/sohinikar/FL/M.Tech_Dissertation/Obfuscated-MalMem2022_sampled_5888.csv
Remainder CSV (train+test): /Users/sohinikar/FL/M.Tech_Dissertation/Obfuscated-MalMem2022_train_and_test.csv  (rows: 52708)
Dropping non-numeric feature columns (1): ['Category']
Binary label mapping: {'Malware': 0.0, 'Benign': 1.0}
✅ Done.
   Users: 128 → base: /Users/sohinikar/FL/M.Tech_Dissertation/Client/data/LSTM_BC_test_data
   Numeric features kept: 55
   Per-user sizes (min/median/max): 46/46/46
   Sampled X shape: (5888, 55), y shape: (5888,)
   Note: reshape X to (N, 1, D) at training time.

=== RUN: jupyter nbconvert --to notebook --inplace --execute /Users/sohinikar/FL/M.Tech_Dissertation/Server/Binary_malware_detection_centralized_ CIC-MalMem-2022.ipynb (cwd=None) ===
[NbConvertApp] Converting notebook /Users/sohinikar/FL/M.Tech_Dissertation/Server/Binary_malware_detection_centralized_ CIC-MalMem-2022.ipynb to notebook
[NbConvertApp] Writing 188841 bytes to /Users/sohinikar/FL/M.Tech_Dissertation/Server/Binary_malware_detection_centralized_ CIC-MalMem-2022.ipynb

=== RUN: git add -A (cwd=/Users/sohinikar/FL) ===

=== RUN: git commit -m pipeline: datasets + global models | cfg=binary,lstm,128 | 2025-08-31 01:57:46 (cwd=/Users/sohinikar/FL) ===
[main c9b9957] pipeline: datasets + global models | cfg=binary,lstm,128 | 2025-08-31 01:57:46
 4 files changed, 531 insertions(+), 243 deletions(-)
 create mode 100644 M.Tech_Dissertation/logs/pipeline_20250831_015730.log

=== RUN: git push origin main (cwd=/Users/sohinikar/FL) ===
remote: error: Trace: 4f730859b22a073bd970afe27c17619c4acd81734c4517ed6f4149dbe01c9a62        
remote: error: See https://gh.io/lfs for more information.        
remote: error: File M.Tech_Dissertation/Server/_client_cache_mc/FL_main.tar.gz is 182.33 MB; this exceeds GitHub's file size limit of 100.00 MB        
remote: error: GH001: Large files detected. You may want to try Git Large File Storage - https://git-lfs.github.com.        
To https://github.com/Triss11/FL.git
 ! [remote rejected] main -> main (pre-receive hook declined)
error: failed to push some refs to 'https://github.com/Triss11/FL.git'

=== RUN: git pull --rebase origin main (cwd=/Users/sohinikar/FL) ===
error: cannot pull with rebase: You have unstaged changes.
error: please commit or stash them.
