
=== RUN: /opt/homebrew/anaconda3/bin/python /Users/sohinikar/FL/M.Tech_Dissertation/make_users.py --config /Users/sohinikar/FL/M.Tech_Dissertation/params.py (cwd=None) ===
Using config: /Users/sohinikar/FL/M.Tech_Dissertation/params.py
Label column: Class
Sampled CSV (exact 5888 removed): /Users/sohinikar/FL/M.Tech_Dissertation/Obfuscated-MalMem2022_sampled_5888.csv
Remainder CSV (train+test): /Users/sohinikar/FL/M.Tech_Dissertation/Obfuscated-MalMem2022_train_and_test.csv  (rows: 52708)
Dropping non-numeric feature columns (1): ['Category']
Binary label mapping: {'Malware': 0.0, 'Benign': 1.0}
✅ Done.
   Users: 128 → base: /Users/sohinikar/FL/M.Tech_Dissertation/Client/data/LSTM_BC_test_data
   Numeric features kept: 55
   Per-user sizes (min/median/max): 46/46/46
   Sampled X shape: (5888, 55), y shape: (5888,)
   Note: reshape X to (N, 1, D) at training time.

=== RUN: /opt/homebrew/anaconda3/bin/python -m jupyter nbconvert --to notebook --inplace --execute /Users/sohinikar/FL/M.Tech_Dissertation/Server/Binary_malware_detection_centralized_ CIC-MalMem-2022.ipynb (cwd=None) ===
[NbConvertApp] Converting notebook /Users/sohinikar/FL/M.Tech_Dissertation/Server/Binary_malware_detection_centralized_ CIC-MalMem-2022.ipynb to notebook
[NbConvertApp] Writing 166092 bytes to /Users/sohinikar/FL/M.Tech_Dissertation/Server/Binary_malware_detection_centralized_ CIC-MalMem-2022.ipynb

=== RUN: git lfs install (cwd=/Users/sohinikar/FL) ===
git: 'lfs' is not a git command. See 'git --help'.

The most similar command is
	log

=== RUN: git add -A (cwd=/Users/sohinikar/FL) ===

=== RUN: git commit -m pipeline: datasets + global models | cfg=binary,lstm,128 | 2025-08-31 10:35:41 (cwd=/Users/sohinikar/FL) ===
[main 7e3d160] pipeline: datasets + global models | cfg=binary,lstm,128 | 2025-08-31 10:35:41
 8 files changed, 219 insertions(+), 1228 deletions(-)
 delete mode 100644 M.Tech_Dissertation/logs/pipeline_20250830_195932.log
 delete mode 100644 M.Tech_Dissertation/logs/pipeline_20250831_012717.log
 delete mode 100644 M.Tech_Dissertation/logs/pipeline_20250831_015730.log
 rename M.Tech_Dissertation/logs/{pipeline_20250831_022604.log => pipeline_20250831_103528.log} (86%)

=== RUN: git push origin main (cwd=/Users/sohinikar/FL) ===
10:35:41.823776 exec-cmd.c:139          trace: resolved executable path from Darwin stack: /Library/Developer/CommandLineTools/usr/bin/git
10:35:41.824038 exec-cmd.c:238          trace: resolved executable dir: /Library/Developer/CommandLineTools/usr/bin
10:35:41.824406 git.c:460               trace: built-in: git push origin main
10:35:41.825018 run-command.c:655       trace: run_command: GIT_DIR=.git git remote-https origin https://github.com/Triss11/FL.git
10:35:41.831764 exec-cmd.c:139          trace: resolved executable path from Darwin stack: /Library/Developer/CommandLineTools/usr/libexec/git-core/git
10:35:41.832005 exec-cmd.c:238          trace: resolved executable dir: /Library/Developer/CommandLineTools/usr/libexec/git-core
10:35:41.832301 git.c:750               trace: exec: git-remote-https origin https://github.com/Triss11/FL.git
10:35:41.832306 run-command.c:655       trace: run_command: git-remote-https origin https://github.com/Triss11/FL.git
10:35:41.838039 exec-cmd.c:139          trace: resolved executable path from Darwin stack: /Library/Developer/CommandLineTools/usr/libexec/git-core/git-remote-https
10:35:41.838326 exec-cmd.c:238          trace: resolved executable dir: /Library/Developer/CommandLineTools/usr/libexec/git-core
10:35:41.841805 http.c:725              == Info: Couldn't find host github.com in the .netrc file; using defaults
10:35:41.933557 http.c:725              == Info: Host github.com:443 was resolved.
10:35:41.933565 http.c:725              == Info: IPv6: (none)
10:35:41.933566 http.c:725              == Info: IPv4: 20.207.73.82
10:35:41.933594 http.c:725              == Info:   Trying 20.207.73.82:443...
10:35:41.987006 http.c:725              == Info: Connected to github.com (20.207.73.82) port 443
10:35:41.987078 http.c:725              == Info: ALPN: curl offers h2,http/1.1
10:35:41.987357 http.c:725              == Info: (304) (OUT), TLS handshake, Client hello (1):
10:35:41.993623 http.c:725              == Info:  CAfile: /etc/ssl/cert.pem
10:35:41.993628 http.c:725              == Info:  CApath: none
10:35:42.012683 http.c:725              == Info: (304) (IN), TLS handshake, Server hello (2):
10:35:42.012935 http.c:725              == Info: (304) (IN), TLS handshake, Unknown (8):
10:35:42.012975 http.c:725              == Info: (304) (IN), TLS handshake, Certificate (11):
10:35:42.015615 http.c:725              == Info: (304) (IN), TLS handshake, CERT verify (15):
10:35:42.015898 http.c:725              == Info: (304) (IN), TLS handshake, Finished (20):
10:35:42.016035 http.c:725              == Info: (304) (OUT), TLS handshake, Finished (20):
10:35:42.016051 http.c:725              == Info: SSL connection using TLSv1.3 / AEAD-CHACHA20-POLY1305-SHA256 / [blank] / UNDEF
10:35:42.016056 http.c:725              == Info: ALPN: server accepted h2
10:35:42.016061 http.c:725              == Info: Server certificate:
10:35:42.016069 http.c:725              == Info:  subject: CN=github.com
10:35:42.016076 http.c:725              == Info:  start date: Feb  5 00:00:00 2025 GMT
10:35:42.016081 http.c:725              == Info:  expire date: Feb  5 23:59:59 2026 GMT
10:35:42.016092 http.c:725              == Info:  subjectAltName: host "github.com" matched cert's "github.com"
10:35:42.016106 http.c:725              == Info:  issuer: C=GB; ST=Greater Manchester; L=Salford; O=Sectigo Limited; CN=Sectigo ECC Domain Validation Secure Server CA
10:35:42.016109 http.c:725              == Info:  SSL certificate verify ok.
10:35:42.016195 http.c:725              == Info: using HTTP/2
10:35:42.016234 http.c:725              == Info: [HTTP/2] [1] OPENED stream for https://github.com/Triss11/FL.git/info/refs?service=git-receive-pack
10:35:42.016239 http.c:725              == Info: [HTTP/2] [1] [:method: GET]
10:35:42.016241 http.c:725              == Info: [HTTP/2] [1] [:scheme: https]
10:35:42.016244 http.c:725              == Info: [HTTP/2] [1] [:authority: github.com]
10:35:42.016246 http.c:725              == Info: [HTTP/2] [1] [:path: /Triss11/FL.git/info/refs?service=git-receive-pack]
10:35:42.016248 http.c:725              == Info: [HTTP/2] [1] [user-agent: git/2.39.5 (Apple Git-154)]
10:35:42.016251 http.c:725              == Info: [HTTP/2] [1] [accept: */*]
10:35:42.016253 http.c:725              == Info: [HTTP/2] [1] [accept-encoding: deflate, gzip]
10:35:42.016257 http.c:725              == Info: [HTTP/2] [1] [pragma: no-cache]
10:35:42.016296 http.c:672              => Send header, 0000000186 bytes (0x000000ba)
10:35:42.016302 http.c:684              => Send header: GET /Triss11/FL.git/info/refs?service=git-receive-pack HTTP/2
10:35:42.016304 http.c:684              => Send header: Host: github.com
10:35:42.016306 http.c:684              => Send header: User-Agent: git/2.39.5 (Apple Git-154)
10:35:42.016308 http.c:684              => Send header: Accept: */*
10:35:42.016310 http.c:684              => Send header: Accept-Encoding: deflate, gzip
10:35:42.016312 http.c:684              => Send header: Pragma: no-cache
10:35:42.016313 http.c:684              => Send header:
10:35:42.016322 http.c:725              == Info: Request completely sent off
10:35:42.246743 http.c:672              <= Recv header, 0000000013 bytes (0x0000000d)
10:35:42.246768 http.c:684              <= Recv header: HTTP/2 401
10:35:42.246782 http.c:672              <= Recv header, 0000000026 bytes (0x0000001a)
10:35:42.246786 http.c:684              <= Recv header: server: GitHub-Babel/3.0
10:35:42.246796 http.c:672              <= Recv header, 0000000054 bytes (0x00000036)
10:35:42.246800 http.c:684              <= Recv header: content-security-policy: default-src 'none'; sandbox
10:35:42.246806 http.c:672              <= Recv header, 0000000041 bytes (0x00000029)
10:35:42.246810 http.c:684              <= Recv header: content-type: text/plain; charset=UTF-8
10:35:42.246819 http.c:672              <= Recv header, 0000000040 bytes (0x00000028)
10:35:42.246822 http.c:684              <= Recv header: www-authenticate: Basic realm="GitHub"
10:35:42.246828 http.c:672              <= Recv header, 0000000020 bytes (0x00000014)
10:35:42.246831 http.c:684              <= Recv header: content-length: 26
10:35:42.246835 http.c:672              <= Recv header, 0000000037 bytes (0x00000025)
10:35:42.246838 http.c:684              <= Recv header: date: Sun, 31 Aug 2025 05:05:42 GMT
10:35:42.246845 http.c:672              <= Recv header, 0000000023 bytes (0x00000017)
10:35:42.246848 http.c:684              <= Recv header: x-frame-options: DENY
10:35:42.246854 http.c:672              <= Recv header, 0000000073 bytes (0x00000049)
10:35:42.246857 http.c:684              <= Recv header: strict-transport-security: max-age=31536000; includeSubDomains; preload
10:35:42.246862 http.c:672              <= Recv header, 0000000057 bytes (0x00000039)
10:35:42.246865 http.c:684              <= Recv header: x-github-request-id: F567:2ADB64:14833B:1DF21D:68B3D826
10:35:42.246870 http.c:672              <= Recv header, 0000000002 bytes (0x00000002)
10:35:42.246873 http.c:684              <= Recv header:
10:35:42.246913 http.c:725              == Info: Connection #0 to host github.com left intact
10:35:42.246977 run-command.c:655       trace: run_command: 'git credential-osxkeychain get'
10:35:42.284936 exec-cmd.c:139          trace: resolved executable path from Darwin stack: /Library/Developer/CommandLineTools/usr/libexec/git-core/git
10:35:42.286811 exec-cmd.c:238          trace: resolved executable dir: /Library/Developer/CommandLineTools/usr/libexec/git-core
10:35:42.288378 git.c:750               trace: exec: git-credential-osxkeychain get
10:35:42.288406 run-command.c:655       trace: run_command: git-credential-osxkeychain get
10:35:42.325726 http.c:725              == Info: Found bundle for host: 0x159e0cb20 [can multiplex]
10:35:42.325760 http.c:725              == Info: Re-using existing connection with host github.com
10:35:42.325773 http.c:725              == Info: Server auth using Basic with user '88235127'
10:35:42.325810 http.c:725              == Info: [HTTP/2] [3] OPENED stream for https://github.com/Triss11/FL.git/info/refs?service=git-receive-pack
10:35:42.325813 http.c:725              == Info: [HTTP/2] [3] [:method: GET]
10:35:42.325815 http.c:725              == Info: [HTTP/2] [3] [:scheme: https]
10:35:42.325817 http.c:725              == Info: [HTTP/2] [3] [:authority: github.com]
10:35:42.325819 http.c:725              == Info: [HTTP/2] [3] [:path: /Triss11/FL.git/info/refs?service=git-receive-pack]
10:35:42.325824 http.c:725              == Info: [HTTP/2] [3] [authorization: Basic <redacted>]
10:35:42.325826 http.c:725              == Info: [HTTP/2] [3] [user-agent: git/2.39.5 (Apple Git-154)]
10:35:42.325828 http.c:725              == Info: [HTTP/2] [3] [accept: */*]
10:35:42.325830 http.c:725              == Info: [HTTP/2] [3] [accept-encoding: deflate, gzip]
10:35:42.325832 http.c:725              == Info: [HTTP/2] [3] [pragma: no-cache]
10:35:42.325996 http.c:672              => Send header, 0000000277 bytes (0x00000115)
10:35:42.326003 http.c:684              => Send header: GET /Triss11/FL.git/info/refs?service=git-receive-pack HTTP/2
10:35:42.326005 http.c:684              => Send header: Host: github.com
10:35:42.326006 http.c:684              => Send header: Authorization: Basic <redacted>
10:35:42.326008 http.c:684              => Send header: User-Agent: git/2.39.5 (Apple Git-154)
10:35:42.326010 http.c:684              => Send header: Accept: */*
10:35:42.326011 http.c:684              => Send header: Accept-Encoding: deflate, gzip
10:35:42.326013 http.c:684              => Send header: Pragma: no-cache
10:35:42.326014 http.c:684              => Send header:
10:35:42.326034 http.c:725              == Info: Request completely sent off
10:35:42.586386 http.c:672              <= Recv header, 0000000013 bytes (0x0000000d)
10:35:42.586394 http.c:684              <= Recv header: HTTP/2 200
10:35:42.586398 http.c:672              <= Recv header, 0000000026 bytes (0x0000001a)
10:35:42.586400 http.c:684              <= Recv header: server: GitHub-Babel/3.0
10:35:42.586402 http.c:672              <= Recv header, 0000000060 bytes (0x0000003c)
10:35:42.586404 http.c:684              <= Recv header: content-type: application/x-git-receive-pack-advertisement
10:35:42.586406 http.c:672              <= Recv header, 0000000054 bytes (0x00000036)
10:35:42.586407 http.c:684              <= Recv header: content-security-policy: default-src 'none'; sandbox
10:35:42.586409 http.c:672              <= Recv header, 0000000040 bytes (0x00000028)
10:35:42.586410 http.c:684              <= Recv header: expires: Fri, 01 Jan 1980 00:00:00 GMT
10:35:42.586412 http.c:672              <= Recv header, 0000000018 bytes (0x00000012)
10:35:42.586413 http.c:684              <= Recv header: pragma: no-cache
10:35:42.586415 http.c:672              <= Recv header, 0000000053 bytes (0x00000035)
10:35:42.586416 http.c:684              <= Recv header: cache-control: no-cache, max-age=0, must-revalidate
10:35:42.586418 http.c:672              <= Recv header, 0000000023 bytes (0x00000017)
10:35:42.586419 http.c:684              <= Recv header: vary: Accept-Encoding
10:35:42.586420 http.c:672              <= Recv header, 0000000037 bytes (0x00000025)
10:35:42.586421 http.c:684              <= Recv header: date: Sun, 31 Aug 2025 05:05:42 GMT
10:35:42.586424 http.c:672              <= Recv header, 0000000023 bytes (0x00000017)
10:35:42.586425 http.c:684              <= Recv header: x-frame-options: DENY
10:35:42.586426 http.c:672              <= Recv header, 0000000073 bytes (0x00000049)
10:35:42.586427 http.c:684              <= Recv header: strict-transport-security: max-age=31536000; includeSubDomains; preload
10:35:42.586429 http.c:672              <= Recv header, 0000000057 bytes (0x00000039)
10:35:42.586430 http.c:684              <= Recv header: x-github-request-id: F567:2ADB64:148359:1DF248:68B3D826
10:35:42.586433 http.c:672              <= Recv header, 0000000002 bytes (0x00000002)
10:35:42.586434 http.c:684              <= Recv header:
10:35:42.586449 http.c:725              == Info: Connection #0 to host github.com left intact
10:35:42.586466 run-command.c:655       trace: run_command: 'git credential-osxkeychain store'
10:35:42.609181 exec-cmd.c:139          trace: resolved executable path from Darwin stack: /Library/Developer/CommandLineTools/usr/libexec/git-core/git
10:35:42.609608 exec-cmd.c:238          trace: resolved executable dir: /Library/Developer/CommandLineTools/usr/libexec/git-core
10:35:42.610012 git.c:750               trace: exec: git-credential-osxkeychain store
10:35:42.610020 run-command.c:655       trace: run_command: git-credential-osxkeychain store
10:35:42.641676 run-command.c:655       trace: run_command: git send-pack --stateless-rpc --helper-status --thin --no-progress https://github.com/Triss11/FL.git/ --stdin
10:35:42.649583 exec-cmd.c:139          trace: resolved executable path from Darwin stack: /Library/Developer/CommandLineTools/usr/libexec/git-core/git
10:35:42.649983 exec-cmd.c:238          trace: resolved executable dir: /Library/Developer/CommandLineTools/usr/libexec/git-core
10:35:42.650419 git.c:460               trace: built-in: git send-pack --stateless-rpc --helper-status --thin --no-progress https://github.com/Triss11/FL.git/ --stdin
10:35:42.651588 run-command.c:655       trace: run_command: git pack-objects --all-progress-implied --revs --stdout --thin --delta-base-offset -q
10:35:42.659464 exec-cmd.c:139          trace: resolved executable path from Darwin stack: /Library/Developer/CommandLineTools/usr/libexec/git-core/git
10:35:42.659803 exec-cmd.c:238          trace: resolved executable dir: /Library/Developer/CommandLineTools/usr/libexec/git-core
10:35:42.660184 git.c:460               trace: built-in: git pack-objects --all-progress-implied --revs --stdout --thin --delta-base-offset -q
10:35:46.849631 http.c:725              == Info: Found bundle for host: 0x159e0cb20 [can multiplex]
10:35:46.849652 http.c:725              == Info: Re-using existing connection with host github.com
10:35:46.849659 http.c:725              == Info: Server auth using Basic with user '88235127'
10:35:46.849680 http.c:725              == Info: [HTTP/2] [5] OPENED stream for https://github.com/Triss11/FL.git/git-receive-pack
10:35:46.849682 http.c:725              == Info: [HTTP/2] [5] [:method: POST]
10:35:46.849683 http.c:725              == Info: [HTTP/2] [5] [:scheme: https]
10:35:46.849684 http.c:725              == Info: [HTTP/2] [5] [:authority: github.com]
10:35:46.849686 http.c:725              == Info: [HTTP/2] [5] [:path: /Triss11/FL.git/git-receive-pack]
10:35:46.849687 http.c:725              == Info: [HTTP/2] [5] [authorization: Basic <redacted>]
10:35:46.849689 http.c:725              == Info: [HTTP/2] [5] [user-agent: git/2.39.5 (Apple Git-154)]
10:35:46.849690 http.c:725              == Info: [HTTP/2] [5] [content-type: application/x-git-receive-pack-request]
10:35:46.849691 http.c:725              == Info: [HTTP/2] [5] [accept: application/x-git-receive-pack-result]
10:35:46.849693 http.c:725              == Info: [HTTP/2] [5] [content-length: 4]
10:35:46.849780 http.c:672              => Send header, 0000000317 bytes (0x0000013d)
10:35:46.849784 http.c:684              => Send header: POST /Triss11/FL.git/git-receive-pack HTTP/2
10:35:46.849785 http.c:684              => Send header: Host: github.com
10:35:46.849786 http.c:684              => Send header: Authorization: Basic <redacted>
10:35:46.849787 http.c:684              => Send header: User-Agent: git/2.39.5 (Apple Git-154)
10:35:46.849788 http.c:684              => Send header: Content-Type: application/x-git-receive-pack-request
10:35:46.849789 http.c:684              => Send header: Accept: application/x-git-receive-pack-result
10:35:46.849790 http.c:684              => Send header: Content-Length: 4
10:35:46.849791 http.c:684              => Send header:
10:35:46.849793 http.c:725              == Info: upload completely sent off: 4 bytes
10:35:47.106192 http.c:672              <= Recv header, 0000000013 bytes (0x0000000d)
10:35:47.106236 http.c:684              <= Recv header: HTTP/2 200
10:35:47.106257 http.c:672              <= Recv header, 0000000026 bytes (0x0000001a)
10:35:47.106265 http.c:684              <= Recv header: server: GitHub-Babel/3.0
10:35:47.106279 http.c:672              <= Recv header, 0000000053 bytes (0x00000035)
10:35:47.106286 http.c:684              <= Recv header: content-type: application/x-git-receive-pack-result
10:35:47.106297 http.c:672              <= Recv header, 0000000054 bytes (0x00000036)
10:35:47.106304 http.c:684              <= Recv header: content-security-policy: default-src 'none'; sandbox
10:35:47.106314 http.c:672              <= Recv header, 0000000040 bytes (0x00000028)
10:35:47.106320 http.c:684              <= Recv header: expires: Fri, 01 Jan 1980 00:00:00 GMT
10:35:47.106330 http.c:672              <= Recv header, 0000000018 bytes (0x00000012)
10:35:47.106336 http.c:684              <= Recv header: pragma: no-cache
10:35:47.106346 http.c:672              <= Recv header, 0000000053 bytes (0x00000035)
10:35:47.106353 http.c:684              <= Recv header: cache-control: no-cache, max-age=0, must-revalidate
10:35:47.106362 http.c:672              <= Recv header, 0000000023 bytes (0x00000017)
10:35:47.106368 http.c:684              <= Recv header: vary: Accept-Encoding
10:35:47.106379 http.c:672              <= Recv header, 0000000019 bytes (0x00000013)
10:35:47.106385 http.c:684              <= Recv header: content-length: 0
10:35:47.106394 http.c:672              <= Recv header, 0000000037 bytes (0x00000025)
10:35:47.106400 http.c:684              <= Recv header: date: Sun, 31 Aug 2025 05:05:46 GMT
10:35:47.106410 http.c:672              <= Recv header, 0000000023 bytes (0x00000017)
10:35:47.106418 http.c:684              <= Recv header: x-frame-options: DENY
10:35:47.106427 http.c:672              <= Recv header, 0000000073 bytes (0x00000049)
10:35:47.106434 http.c:684              <= Recv header: strict-transport-security: max-age=31536000; includeSubDomains; preload
10:35:47.106443 http.c:672              <= Recv header, 0000000057 bytes (0x00000039)
10:35:47.106450 http.c:684              <= Recv header: x-github-request-id: F567:2ADB64:148525:1DF4A0:68B3D826
10:35:47.106460 http.c:672              <= Recv header, 0000000002 bytes (0x00000002)
10:35:47.106466 http.c:684              <= Recv header:
10:35:47.106510 http.c:725              == Info: Connection #0 to host github.com left intact
10:35:47.106696 http.c:725              == Info: Found bundle for host: 0x159e0cb20 [can multiplex]
10:35:47.106726 http.c:725              == Info: Re-using existing connection with host github.com
10:35:47.106758 http.c:725              == Info: Server auth using Basic with user '88235127'
10:35:47.106900 http.c:725              == Info: [HTTP/2] [7] OPENED stream for https://github.com/Triss11/FL.git/git-receive-pack
10:35:47.106911 http.c:725              == Info: [HTTP/2] [7] [:method: POST]
10:35:47.106919 http.c:725              == Info: [HTTP/2] [7] [:scheme: https]
10:35:47.106926 http.c:725              == Info: [HTTP/2] [7] [:authority: github.com]
10:35:47.106934 http.c:725              == Info: [HTTP/2] [7] [:path: /Triss11/FL.git/git-receive-pack]
10:35:47.106942 http.c:725              == Info: [HTTP/2] [7] [authorization: Basic <redacted>]
10:35:47.106949 http.c:725              == Info: [HTTP/2] [7] [user-agent: git/2.39.5 (Apple Git-154)]
10:35:47.106958 http.c:725              == Info: [HTTP/2] [7] [accept-encoding: deflate, gzip]
10:35:47.106966 http.c:725              == Info: [HTTP/2] [7] [content-type: application/x-git-receive-pack-request]
10:35:47.106973 http.c:725              == Info: [HTTP/2] [7] [accept: application/x-git-receive-pack-result]
10:35:47.108548 http.c:672              => Send header, 0000000330 bytes (0x0000014a)
10:35:47.108569 http.c:684              => Send header: POST /Triss11/FL.git/git-receive-pack HTTP/2
10:35:47.108578 http.c:684              => Send header: Host: github.com
10:35:47.108583 http.c:684              => Send header: Authorization: Basic <redacted>
10:35:47.108589 http.c:684              => Send header: User-Agent: git/2.39.5 (Apple Git-154)
10:35:47.108594 http.c:684              => Send header: Accept-Encoding: deflate, gzip
10:35:47.108600 http.c:684              => Send header: Content-Type: application/x-git-receive-pack-request
10:35:47.108605 http.c:684              => Send header: Accept: application/x-git-receive-pack-result
10:35:47.108610 http.c:684              => Send header:
10:38:22.112390 http.c:725              == Info: upload completely sent off: 344743790 bytes
10:38:24.114377 http.c:672              <= Recv header, 0000000013 bytes (0x0000000d)
10:38:24.114423 http.c:684              <= Recv header: HTTP/2 200
10:38:24.114532 http.c:672              <= Recv header, 0000000026 bytes (0x0000001a)
10:38:24.114652 http.c:684              <= Recv header: server: GitHub-Babel/3.0
10:38:24.114685 http.c:672              <= Recv header, 0000000053 bytes (0x00000035)
10:38:24.114695 http.c:684              <= Recv header: content-type: application/x-git-receive-pack-result
10:38:24.114708 http.c:672              <= Recv header, 0000000054 bytes (0x00000036)
10:38:24.114716 http.c:684              <= Recv header: content-security-policy: default-src 'none'; sandbox
10:38:24.114727 http.c:672              <= Recv header, 0000000040 bytes (0x00000028)
10:38:24.114734 http.c:684              <= Recv header: expires: Fri, 01 Jan 1980 00:00:00 GMT
10:38:24.114745 http.c:672              <= Recv header, 0000000018 bytes (0x00000012)
10:38:24.114751 http.c:684              <= Recv header: pragma: no-cache
10:38:24.114762 http.c:672              <= Recv header, 0000000053 bytes (0x00000035)
10:38:24.114768 http.c:684              <= Recv header: cache-control: no-cache, max-age=0, must-revalidate
10:38:24.114778 http.c:672              <= Recv header, 0000000023 bytes (0x00000017)
10:38:24.114783 http.c:684              <= Recv header: vary: Accept-Encoding
10:38:24.114789 http.c:672              <= Recv header, 0000000037 bytes (0x00000025)
10:38:24.114793 http.c:684              <= Recv header: date: Sun, 31 Aug 2025 05:08:23 GMT
10:38:24.114800 http.c:672              <= Recv header, 0000000023 bytes (0x00000017)
10:38:24.114805 http.c:684              <= Recv header: x-frame-options: DENY
10:38:24.114812 http.c:672              <= Recv header, 0000000073 bytes (0x00000049)
10:38:24.114817 http.c:684              <= Recv header: strict-transport-security: max-age=31536000; includeSubDomains; preload
10:38:24.114823 http.c:672              <= Recv header, 0000000057 bytes (0x00000039)
10:38:24.114828 http.c:684              <= Recv header: x-github-request-id: F567:2ADB64:14853F:1DF4C9:68B3D82B
10:38:24.114837 http.c:672              <= Recv header, 0000000002 bytes (0x00000002)
10:38:24.114841 http.c:684              <= Recv header:
10:38:28.540469 http.c:725              == Info: Connection #0 to host github.com left intact
remote: error: Trace: 200090f49ca3f954825c0be706ca101af2f8f2033b5b7bf15df098f2a2534aa9        
remote: error: See https://gh.io/lfs for more information.        
remote: error: File M.Tech_Dissertation/Server/_client_cache_mc/FL_main.tar.gz is 182.33 MB; this exceeds GitHub's file size limit of 100.00 MB        
remote: error: GH001: Large files detected. You may want to try Git Large File Storage - https://git-lfs.github.com.        
To https://github.com/Triss11/FL.git
 ! [remote rejected] main -> main (pre-receive hook declined)
error: failed to push some refs to 'https://github.com/Triss11/FL.git'

=== RUN: git pull --rebase origin main (cwd=/Users/sohinikar/FL) ===
10:38:28.579346 exec-cmd.c:139          trace: resolved executable path from Darwin stack: /Library/Developer/CommandLineTools/usr/bin/git
10:38:28.579838 exec-cmd.c:238          trace: resolved executable dir: /Library/Developer/CommandLineTools/usr/bin
10:38:28.580550 git.c:460               trace: built-in: git pull --rebase origin main
error: cannot pull with rebase: You have unstaged changes.
error: please commit or stash them.
