
=== RUN: /opt/homebrew/anaconda3/bin/python /Users/sohinikar/FL/M.Tech_Dissertation/make_users.py --config /Users/sohinikar/FL/M.Tech_Dissertation/params.py (cwd=None) ===
Using config: /Users/sohinikar/FL/M.Tech_Dissertation/params.py
Label column: Class
Sampled CSV (exact 5888 removed): /Users/sohinikar/FL/M.Tech_Dissertation/Obfuscated-MalMem2022_sampled_5888.csv
Remainder CSV (train+test): /Users/sohinikar/FL/M.Tech_Dissertation/Obfuscated-MalMem2022_train_and_test.csv  (rows: 52708)
Dropping non-numeric feature columns (1): ['Category']
Binary label mapping: {'Malware': 0.0, 'Benign': 1.0}
✅ Done.
   Users: 128 → base: /Users/sohinikar/FL/M.Tech_Dissertation/Client/data/LSTM_BC_test_data
   Numeric features kept: 55
   Per-user sizes (min/median/max): 46/46/46
   Sampled X shape: (5888, 55), y shape: (5888,)
   Note: reshape X to (N, 1, D) at training time.

=== RUN: /opt/homebrew/anaconda3/bin/python -m jupyter nbconvert --to notebook --inplace --execute /Users/sohinikar/FL/M.Tech_Dissertation/Server/Binary_malware_detection_centralized_ CIC-MalMem-2022.ipynb (cwd=None) ===
[NbConvertApp] Converting notebook /Users/sohinikar/FL/M.Tech_Dissertation/Server/Binary_malware_detection_centralized_ CIC-MalMem-2022.ipynb to notebook
[NbConvertApp] Writing 179865 bytes to /Users/sohinikar/FL/M.Tech_Dissertation/Server/Binary_malware_detection_centralized_ CIC-MalMem-2022.ipynb

=== RUN: git lfs install (cwd=/Users/sohinikar/FL) ===
git: 'lfs' is not a git command. See 'git --help'.

The most similar command is
	log

=== RUN: git add -A (cwd=/Users/sohinikar/FL) ===

=== RUN: git commit -m pipeline: datasets + global models | cfg=binary,lstm,128 | 2025-08-31 10:39:56 (cwd=/Users/sohinikar/FL) ===
[main 46cc160] pipeline: datasets + global models | cfg=binary,lstm,128 | 2025-08-31 10:39:56
 5 files changed, 794 insertions(+), 216 deletions(-)
 create mode 100644 M.Tech_Dissertation/logs/pipeline_20250831_103942.log

=== RUN: git push origin main (cwd=/Users/sohinikar/FL) ===
10:39:56.696301 exec-cmd.c:139          trace: resolved executable path from Darwin stack: /Library/Developer/CommandLineTools/usr/bin/git
10:39:56.696593 exec-cmd.c:238          trace: resolved executable dir: /Library/Developer/CommandLineTools/usr/bin
10:39:56.696957 git.c:460               trace: built-in: git push origin main
10:39:56.697547 run-command.c:655       trace: run_command: GIT_DIR=.git git remote-https origin https://github.com/Triss11/FL.git
10:39:56.704398 exec-cmd.c:139          trace: resolved executable path from Darwin stack: /Library/Developer/CommandLineTools/usr/libexec/git-core/git
10:39:56.704661 exec-cmd.c:238          trace: resolved executable dir: /Library/Developer/CommandLineTools/usr/libexec/git-core
10:39:56.704948 git.c:750               trace: exec: git-remote-https origin https://github.com/Triss11/FL.git
10:39:56.704954 run-command.c:655       trace: run_command: git-remote-https origin https://github.com/Triss11/FL.git
10:39:56.710871 exec-cmd.c:139          trace: resolved executable path from Darwin stack: /Library/Developer/CommandLineTools/usr/libexec/git-core/git-remote-https
10:39:56.711115 exec-cmd.c:238          trace: resolved executable dir: /Library/Developer/CommandLineTools/usr/libexec/git-core
10:39:56.714344 http.c:725              == Info: Couldn't find host github.com in the .netrc file; using defaults
10:39:56.782238 http.c:725              == Info: Host github.com:443 was resolved.
10:39:56.782245 http.c:725              == Info: IPv6: (none)
10:39:56.782246 http.c:725              == Info: IPv4: 20.207.73.82
10:39:56.782269 http.c:725              == Info:   Trying 20.207.73.82:443...
10:39:56.809647 http.c:725              == Info: Connected to github.com (20.207.73.82) port 443
10:39:56.809727 http.c:725              == Info: ALPN: curl offers h2,http/1.1
10:39:56.809923 http.c:725              == Info: (304) (OUT), TLS handshake, Client hello (1):
10:39:56.813803 http.c:725              == Info:  CAfile: /etc/ssl/cert.pem
10:39:56.813807 http.c:725              == Info:  CApath: none
10:39:56.834712 http.c:725              == Info: (304) (IN), TLS handshake, Server hello (2):
10:39:56.834875 http.c:725              == Info: (304) (IN), TLS handshake, Unknown (8):
10:39:56.834901 http.c:725              == Info: (304) (IN), TLS handshake, Certificate (11):
10:39:56.836570 http.c:725              == Info: (304) (IN), TLS handshake, CERT verify (15):
10:39:56.836752 http.c:725              == Info: (304) (IN), TLS handshake, Finished (20):
10:39:56.836846 http.c:725              == Info: (304) (OUT), TLS handshake, Finished (20):
10:39:56.836855 http.c:725              == Info: SSL connection using TLSv1.3 / AEAD-CHACHA20-POLY1305-SHA256 / [blank] / UNDEF
10:39:56.836858 http.c:725              == Info: ALPN: server accepted h2
10:39:56.836861 http.c:725              == Info: Server certificate:
10:39:56.836868 http.c:725              == Info:  subject: CN=github.com
10:39:56.836873 http.c:725              == Info:  start date: Feb  5 00:00:00 2025 GMT
10:39:56.836876 http.c:725              == Info:  expire date: Feb  5 23:59:59 2026 GMT
10:39:56.836883 http.c:725              == Info:  subjectAltName: host "github.com" matched cert's "github.com"
10:39:56.836891 http.c:725              == Info:  issuer: C=GB; ST=Greater Manchester; L=Salford; O=Sectigo Limited; CN=Sectigo ECC Domain Validation Secure Server CA
10:39:56.836894 http.c:725              == Info:  SSL certificate verify ok.
10:39:56.836947 http.c:725              == Info: using HTTP/2
10:39:56.836979 http.c:725              == Info: [HTTP/2] [1] OPENED stream for https://github.com/Triss11/FL.git/info/refs?service=git-receive-pack
10:39:56.836982 http.c:725              == Info: [HTTP/2] [1] [:method: GET]
10:39:56.836985 http.c:725              == Info: [HTTP/2] [1] [:scheme: https]
10:39:56.836987 http.c:725              == Info: [HTTP/2] [1] [:authority: github.com]
10:39:56.836989 http.c:725              == Info: [HTTP/2] [1] [:path: /Triss11/FL.git/info/refs?service=git-receive-pack]
10:39:56.836992 http.c:725              == Info: [HTTP/2] [1] [user-agent: git/2.39.5 (Apple Git-154)]
10:39:56.836993 http.c:725              == Info: [HTTP/2] [1] [accept: */*]
10:39:56.836995 http.c:725              == Info: [HTTP/2] [1] [accept-encoding: deflate, gzip]
10:39:56.836997 http.c:725              == Info: [HTTP/2] [1] [pragma: no-cache]
10:39:56.837018 http.c:672              => Send header, 0000000186 bytes (0x000000ba)
10:39:56.837022 http.c:684              => Send header: GET /Triss11/FL.git/info/refs?service=git-receive-pack HTTP/2
10:39:56.837025 http.c:684              => Send header: Host: github.com
10:39:56.837026 http.c:684              => Send header: User-Agent: git/2.39.5 (Apple Git-154)
10:39:56.837028 http.c:684              => Send header: Accept: */*
10:39:56.837030 http.c:684              => Send header: Accept-Encoding: deflate, gzip
10:39:56.837032 http.c:684              => Send header: Pragma: no-cache
10:39:56.837033 http.c:684              => Send header:
10:39:56.837040 http.c:725              == Info: Request completely sent off
10:39:57.070662 http.c:672              <= Recv header, 0000000013 bytes (0x0000000d)
10:39:57.070707 http.c:684              <= Recv header: HTTP/2 401
10:39:57.070727 http.c:672              <= Recv header, 0000000026 bytes (0x0000001a)
10:39:57.070736 http.c:684              <= Recv header: server: GitHub-Babel/3.0
10:39:57.070751 http.c:672              <= Recv header, 0000000054 bytes (0x00000036)
10:39:57.070758 http.c:684              <= Recv header: content-security-policy: default-src 'none'; sandbox
10:39:57.070770 http.c:672              <= Recv header, 0000000041 bytes (0x00000029)
10:39:57.070777 http.c:684              <= Recv header: content-type: text/plain; charset=UTF-8
10:39:57.070792 http.c:672              <= Recv header, 0000000040 bytes (0x00000028)
10:39:57.070798 http.c:684              <= Recv header: www-authenticate: Basic realm="GitHub"
10:39:57.070809 http.c:672              <= Recv header, 0000000020 bytes (0x00000014)
10:39:57.070815 http.c:684              <= Recv header: content-length: 26
10:39:57.070824 http.c:672              <= Recv header, 0000000037 bytes (0x00000025)
10:39:57.070829 http.c:684              <= Recv header: date: Sun, 31 Aug 2025 05:09:56 GMT
10:39:57.070842 http.c:672              <= Recv header, 0000000023 bytes (0x00000017)
10:39:57.070848 http.c:684              <= Recv header: x-frame-options: DENY
10:39:57.070858 http.c:672              <= Recv header, 0000000073 bytes (0x00000049)
10:39:57.070864 http.c:684              <= Recv header: strict-transport-security: max-age=31536000; includeSubDomains; preload
10:39:57.070874 http.c:672              <= Recv header, 0000000057 bytes (0x00000039)
10:39:57.070880 http.c:684              <= Recv header: x-github-request-id: F34B:2ADB64:14EE62:1E801A:68B3D924
10:39:57.070890 http.c:672              <= Recv header, 0000000002 bytes (0x00000002)
10:39:57.070896 http.c:684              <= Recv header:
10:39:57.070957 http.c:725              == Info: Connection #0 to host github.com left intact
10:39:57.071069 run-command.c:655       trace: run_command: 'git credential-osxkeychain get'
10:39:57.106886 exec-cmd.c:139          trace: resolved executable path from Darwin stack: /Library/Developer/CommandLineTools/usr/libexec/git-core/git
10:39:57.107675 exec-cmd.c:238          trace: resolved executable dir: /Library/Developer/CommandLineTools/usr/libexec/git-core
10:39:57.108527 git.c:750               trace: exec: git-credential-osxkeychain get
10:39:57.108542 run-command.c:655       trace: run_command: git-credential-osxkeychain get
10:39:57.142562 http.c:725              == Info: Found bundle for host: 0x13ae212b0 [can multiplex]
10:39:57.142590 http.c:725              == Info: Re-using existing connection with host github.com
10:39:57.142603 http.c:725              == Info: Server auth using Basic with user '88235127'
10:39:57.142628 http.c:725              == Info: [HTTP/2] [3] OPENED stream for https://github.com/Triss11/FL.git/info/refs?service=git-receive-pack
10:39:57.142631 http.c:725              == Info: [HTTP/2] [3] [:method: GET]
10:39:57.142633 http.c:725              == Info: [HTTP/2] [3] [:scheme: https]
10:39:57.142635 http.c:725              == Info: [HTTP/2] [3] [:authority: github.com]
10:39:57.142637 http.c:725              == Info: [HTTP/2] [3] [:path: /Triss11/FL.git/info/refs?service=git-receive-pack]
10:39:57.142639 http.c:725              == Info: [HTTP/2] [3] [authorization: Basic <redacted>]
10:39:57.142641 http.c:725              == Info: [HTTP/2] [3] [user-agent: git/2.39.5 (Apple Git-154)]
10:39:57.142642 http.c:725              == Info: [HTTP/2] [3] [accept: */*]
10:39:57.142644 http.c:725              == Info: [HTTP/2] [3] [accept-encoding: deflate, gzip]
10:39:57.142646 http.c:725              == Info: [HTTP/2] [3] [pragma: no-cache]
10:39:57.142766 http.c:672              => Send header, 0000000277 bytes (0x00000115)
10:39:57.142772 http.c:684              => Send header: GET /Triss11/FL.git/info/refs?service=git-receive-pack HTTP/2
10:39:57.142774 http.c:684              => Send header: Host: github.com
10:39:57.142775 http.c:684              => Send header: Authorization: Basic <redacted>
10:39:57.142778 http.c:684              => Send header: User-Agent: git/2.39.5 (Apple Git-154)
10:39:57.142779 http.c:684              => Send header: Accept: */*
10:39:57.142780 http.c:684              => Send header: Accept-Encoding: deflate, gzip
10:39:57.142782 http.c:684              => Send header: Pragma: no-cache
10:39:57.142783 http.c:684              => Send header:
10:39:57.142801 http.c:725              == Info: Request completely sent off
10:39:57.420949 http.c:672              <= Recv header, 0000000013 bytes (0x0000000d)
10:39:57.420959 http.c:684              <= Recv header: HTTP/2 200
10:39:57.420967 http.c:672              <= Recv header, 0000000026 bytes (0x0000001a)
10:39:57.420970 http.c:684              <= Recv header: server: GitHub-Babel/3.0
10:39:57.420977 http.c:672              <= Recv header, 0000000060 bytes (0x0000003c)
10:39:57.420980 http.c:684              <= Recv header: content-type: application/x-git-receive-pack-advertisement
10:39:57.420984 http.c:672              <= Recv header, 0000000054 bytes (0x00000036)
10:39:57.420986 http.c:684              <= Recv header: content-security-policy: default-src 'none'; sandbox
10:39:57.420991 http.c:672              <= Recv header, 0000000040 bytes (0x00000028)
10:39:57.420993 http.c:684              <= Recv header: expires: Fri, 01 Jan 1980 00:00:00 GMT
10:39:57.420997 http.c:672              <= Recv header, 0000000018 bytes (0x00000012)
10:39:57.421000 http.c:684              <= Recv header: pragma: no-cache
10:39:57.421003 http.c:672              <= Recv header, 0000000053 bytes (0x00000035)
10:39:57.421006 http.c:684              <= Recv header: cache-control: no-cache, max-age=0, must-revalidate
10:39:57.421010 http.c:672              <= Recv header, 0000000023 bytes (0x00000017)
10:39:57.421012 http.c:684              <= Recv header: vary: Accept-Encoding
10:39:57.421016 http.c:672              <= Recv header, 0000000037 bytes (0x00000025)
10:39:57.421018 http.c:684              <= Recv header: date: Sun, 31 Aug 2025 05:09:57 GMT
10:39:57.421022 http.c:672              <= Recv header, 0000000023 bytes (0x00000017)
10:39:57.421024 http.c:684              <= Recv header: x-frame-options: DENY
10:39:57.421028 http.c:672              <= Recv header, 0000000073 bytes (0x00000049)
10:39:57.421031 http.c:684              <= Recv header: strict-transport-security: max-age=31536000; includeSubDomains; preload
10:39:57.421034 http.c:672              <= Recv header, 0000000057 bytes (0x00000039)
10:39:57.421037 http.c:684              <= Recv header: x-github-request-id: F34B:2ADB64:14EE78:1E8053:68B3D925
10:39:57.421041 http.c:672              <= Recv header, 0000000002 bytes (0x00000002)
10:39:57.421048 http.c:684              <= Recv header:
10:39:57.421074 http.c:725              == Info: Connection #0 to host github.com left intact
10:39:57.421100 run-command.c:655       trace: run_command: 'git credential-osxkeychain store'
10:39:57.444530 exec-cmd.c:139          trace: resolved executable path from Darwin stack: /Library/Developer/CommandLineTools/usr/libexec/git-core/git
10:39:57.444985 exec-cmd.c:238          trace: resolved executable dir: /Library/Developer/CommandLineTools/usr/libexec/git-core
10:39:57.445461 git.c:750               trace: exec: git-credential-osxkeychain store
10:39:57.445469 run-command.c:655       trace: run_command: git-credential-osxkeychain store
10:39:57.474813 run-command.c:655       trace: run_command: git send-pack --stateless-rpc --helper-status --thin --no-progress https://github.com/Triss11/FL.git/ --stdin
10:39:57.484258 exec-cmd.c:139          trace: resolved executable path from Darwin stack: /Library/Developer/CommandLineTools/usr/libexec/git-core/git
10:39:57.484656 exec-cmd.c:238          trace: resolved executable dir: /Library/Developer/CommandLineTools/usr/libexec/git-core
10:39:57.485131 git.c:460               trace: built-in: git send-pack --stateless-rpc --helper-status --thin --no-progress https://github.com/Triss11/FL.git/ --stdin
10:39:57.486269 run-command.c:655       trace: run_command: git pack-objects --all-progress-implied --revs --stdout --thin --delta-base-offset -q
10:39:57.492845 exec-cmd.c:139          trace: resolved executable path from Darwin stack: /Library/Developer/CommandLineTools/usr/libexec/git-core/git
10:39:57.493208 exec-cmd.c:238          trace: resolved executable dir: /Library/Developer/CommandLineTools/usr/libexec/git-core
10:39:57.493633 git.c:460               trace: built-in: git pack-objects --all-progress-implied --revs --stdout --thin --delta-base-offset -q
10:40:01.369904 http.c:725              == Info: Found bundle for host: 0x13ae212b0 [can multiplex]
10:40:01.369929 http.c:725              == Info: Re-using existing connection with host github.com
10:40:01.369936 http.c:725              == Info: Server auth using Basic with user '88235127'
10:40:01.369961 http.c:725              == Info: [HTTP/2] [5] OPENED stream for https://github.com/Triss11/FL.git/git-receive-pack
10:40:01.369963 http.c:725              == Info: [HTTP/2] [5] [:method: POST]
10:40:01.369964 http.c:725              == Info: [HTTP/2] [5] [:scheme: https]
10:40:01.369966 http.c:725              == Info: [HTTP/2] [5] [:authority: github.com]
10:40:01.369967 http.c:725              == Info: [HTTP/2] [5] [:path: /Triss11/FL.git/git-receive-pack]
10:40:01.369968 http.c:725              == Info: [HTTP/2] [5] [authorization: Basic <redacted>]
10:40:01.369970 http.c:725              == Info: [HTTP/2] [5] [user-agent: git/2.39.5 (Apple Git-154)]
10:40:01.369971 http.c:725              == Info: [HTTP/2] [5] [content-type: application/x-git-receive-pack-request]
10:40:01.369972 http.c:725              == Info: [HTTP/2] [5] [accept: application/x-git-receive-pack-result]
10:40:01.369973 http.c:725              == Info: [HTTP/2] [5] [content-length: 4]
10:40:01.370067 http.c:672              => Send header, 0000000317 bytes (0x0000013d)
10:40:01.370072 http.c:684              => Send header: POST /Triss11/FL.git/git-receive-pack HTTP/2
10:40:01.370073 http.c:684              => Send header: Host: github.com
10:40:01.370074 http.c:684              => Send header: Authorization: Basic <redacted>
10:40:01.370075 http.c:684              => Send header: User-Agent: git/2.39.5 (Apple Git-154)
10:40:01.370077 http.c:684              => Send header: Content-Type: application/x-git-receive-pack-request
10:40:01.370078 http.c:684              => Send header: Accept: application/x-git-receive-pack-result
10:40:01.370079 http.c:684              => Send header: Content-Length: 4
10:40:01.370080 http.c:684              => Send header:
10:40:01.370082 http.c:725              == Info: upload completely sent off: 4 bytes
10:40:01.633188 http.c:672              <= Recv header, 0000000013 bytes (0x0000000d)
10:40:01.633232 http.c:684              <= Recv header: HTTP/2 200
10:40:01.633256 http.c:672              <= Recv header, 0000000026 bytes (0x0000001a)
10:40:01.633265 http.c:684              <= Recv header: server: GitHub-Babel/3.0
10:40:01.633284 http.c:672              <= Recv header, 0000000053 bytes (0x00000035)
10:40:01.633293 http.c:684              <= Recv header: content-type: application/x-git-receive-pack-result
10:40:01.633304 http.c:672              <= Recv header, 0000000054 bytes (0x00000036)
10:40:01.633311 http.c:684              <= Recv header: content-security-policy: default-src 'none'; sandbox
10:40:01.633322 http.c:672              <= Recv header, 0000000040 bytes (0x00000028)
10:40:01.633328 http.c:684              <= Recv header: expires: Fri, 01 Jan 1980 00:00:00 GMT
10:40:01.633338 http.c:672              <= Recv header, 0000000018 bytes (0x00000012)
10:40:01.633344 http.c:684              <= Recv header: pragma: no-cache
10:40:01.633355 http.c:672              <= Recv header, 0000000053 bytes (0x00000035)
10:40:01.633361 http.c:684              <= Recv header: cache-control: no-cache, max-age=0, must-revalidate
10:40:01.633370 http.c:672              <= Recv header, 0000000023 bytes (0x00000017)
10:40:01.633377 http.c:684              <= Recv header: vary: Accept-Encoding
10:40:01.633393 http.c:672              <= Recv header, 0000000019 bytes (0x00000013)
10:40:01.633399 http.c:684              <= Recv header: content-length: 0
10:40:01.633408 http.c:672              <= Recv header, 0000000037 bytes (0x00000025)
10:40:01.633415 http.c:684              <= Recv header: date: Sun, 31 Aug 2025 05:10:00 GMT
10:40:01.633426 http.c:672              <= Recv header, 0000000023 bytes (0x00000017)
10:40:01.633432 http.c:684              <= Recv header: x-frame-options: DENY
10:40:01.633442 http.c:672              <= Recv header, 0000000073 bytes (0x00000049)
10:40:01.633448 http.c:684              <= Recv header: strict-transport-security: max-age=31536000; includeSubDomains; preload
10:40:01.633457 http.c:672              <= Recv header, 0000000057 bytes (0x00000039)
10:40:01.633463 http.c:684              <= Recv header: x-github-request-id: F34B:2ADB64:14F0D7:1E8373:68B3D925
10:40:01.633474 http.c:672              <= Recv header, 0000000002 bytes (0x00000002)
10:40:01.633481 http.c:684              <= Recv header:
10:40:01.633537 http.c:725              == Info: Connection #0 to host github.com left intact
10:40:01.633718 http.c:725              == Info: Found bundle for host: 0x13ae212b0 [can multiplex]
10:40:01.633759 http.c:725              == Info: Re-using existing connection with host github.com
10:40:01.633793 http.c:725              == Info: Server auth using Basic with user '88235127'
10:40:01.633896 http.c:725              == Info: [HTTP/2] [7] OPENED stream for https://github.com/Triss11/FL.git/git-receive-pack
10:40:01.633908 http.c:725              == Info: [HTTP/2] [7] [:method: POST]
10:40:01.633915 http.c:725              == Info: [HTTP/2] [7] [:scheme: https]
10:40:01.633923 http.c:725              == Info: [HTTP/2] [7] [:authority: github.com]
10:40:01.633931 http.c:725              == Info: [HTTP/2] [7] [:path: /Triss11/FL.git/git-receive-pack]
10:40:01.633939 http.c:725              == Info: [HTTP/2] [7] [authorization: Basic <redacted>]
10:40:01.633946 http.c:725              == Info: [HTTP/2] [7] [user-agent: git/2.39.5 (Apple Git-154)]
10:40:01.633953 http.c:725              == Info: [HTTP/2] [7] [accept-encoding: deflate, gzip]
10:40:01.633960 http.c:725              == Info: [HTTP/2] [7] [content-type: application/x-git-receive-pack-request]
10:40:01.633967 http.c:725              == Info: [HTTP/2] [7] [accept: application/x-git-receive-pack-result]
10:40:01.635686 http.c:672              => Send header, 0000000330 bytes (0x0000014a)
10:40:01.635713 http.c:684              => Send header: POST /Triss11/FL.git/git-receive-pack HTTP/2
10:40:01.635720 http.c:684              => Send header: Host: github.com
10:40:01.635744 http.c:684              => Send header: Authorization: Basic <redacted>
10:40:01.635751 http.c:684              => Send header: User-Agent: git/2.39.5 (Apple Git-154)
10:40:01.635757 http.c:684              => Send header: Accept-Encoding: deflate, gzip
10:40:01.635762 http.c:684              => Send header: Content-Type: application/x-git-receive-pack-request
10:40:01.635767 http.c:684              => Send header: Accept: application/x-git-receive-pack-result
10:40:01.635772 http.c:684              => Send header:
